<?xml version="1.0" encoding="UTF-8"?>
<testsuite xmlns:xsi="http://www.w3.org/2001/XMLSchema-instance" xsi:noNamespaceSchemaLocation="https://maven.apache.org/surefire/maven-surefire-plugin/xsd/surefire-test-report-3.0.xsd" version="3.0" name="com.server.springbootsort.SpringbootSortApplicationTests" time="2.945" tests="1" errors="0" skipped="0" failures="0">
  <properties>
[...]
</properties>
  <testcase name="contextLoads" classname="com.server.springbootsort.SpringbootSortApplicationTests" time="0.922">
    <system-out><![CDATA[11:50:20.541 [main] INFO org.springframework.test.context.support.AnnotationConfigContextLoaderUtils -- Could not detect default configuration classes for test class [com.server.springbootsort.SpringbootSortApplicationTests]: SpringbootSortApplicationTests does not declare any static, non-private, non-final, nested classes annotated with @Configuration.
11:50:20.650 [main] INFO org.springframework.boot.test.context.SpringBootTestContextBootstrapper -- Found @SpringBootConfiguration com.server.springbootsort.SpringbootSortApplication for test class com.server.springbootsort.SpringbootSortApplicationTests

  .   ____          _            __ _ _
 /\\ / ___'_ __ _ _(_)_ __  __ _ \ \ \ \
( ( )\___ | '_ | '_| | '_ \/ _` | \ \ \ \
 \\/  ___)| |_)| | | | | || (_| |  ) ) ) )
  '  |____| .__|_| |_|_| |_\__, | / / / /
 =========|_|==============|___/=/_/_/_/
 :: Spring Boot ::                (v3.1.4)

2023-09-28T11:50:21.089+07:00  INFO 10596 --- [           main] c.s.s.SpringbootSortApplicationTests     : Starting SpringbootSortApplicationTests using Java 20.0.1 with PID 10596 (started by NTP in D:\Spring Boot\springboot-sort\springboot-sort)
2023-09-28T11:50:21.090+07:00  INFO 10596 --- [           main] c.s.s.SpringbootSortApplicationTests     : No active profile set, falling back to 1 default profile: "default"
2023-09-28T11:50:22.364+07:00  INFO 10596 --- [           main] c.s.s.SpringbootSortApplicationTests     : Started SpringbootSortApplicationTests in 1.58 seconds (process running for 2.563)
]]></system-out>
  </testcase>
</testsuite>